This is XeTeX, Version 3.141592653-2.6-0.999995 (MiKTeX 23.10) (preloaded format=xelatex 2023.10.16)  25 OCT 2023 20:33
entering extended mode
 restricted \write18 enabled.
 file:line:error style messages enabled.
 %&-line parsing enabled.
**./代数拓扑引论.tex
(代数拓扑引论.tex
LaTeX2e <2023-06-01> patch level 1
L3 programming layer <2023-08-29>
(A:\CTEX\MiKTeX\tex/latex/base\article.cls
Document Class: article 2023/05/17 v1.4n Standard LaTeX document class
(A:\CTEX\MiKTeX\tex/latex/base\size10.clo
File: size10.clo 2023/05/17 v1.4n Standard LaTeX file (size option)
)
\c@part=\count181
\c@section=\count182
\c@subsection=\count183
\c@subsubsection=\count184
\c@paragraph=\count185
\c@subparagraph=\count186
\c@figure=\count187
\c@table=\count188
\abovecaptionskip=\skip48
\belowcaptionskip=\skip49
\bibindent=\dimen140
)
(A:\CTEX\MiKTeX\tex/latex/amsmath\amsmath.sty
Package: amsmath 2023/05/13 v2.17o AMS math features
\@mathmargin=\skip50

For additional information on amsmath, use the `?' option.
(A:\CTEX\MiKTeX\tex/latex/amsmath\amstext.sty
Package: amstext 2021/08/26 v2.01 AMS text

(A:\CTEX\MiKTeX\tex/latex/amsmath\amsgen.sty
File: amsgen.sty 1999/11/30 v2.0 generic functions
\@emptytoks=\toks17
\ex@=\dimen141
))
(A:\CTEX\MiKTeX\tex/latex/amsmath\amsbsy.sty
Package: amsbsy 1999/11/29 v1.2d Bold Symbols
\pmbraise@=\dimen142
)
(A:\CTEX\MiKTeX\tex/latex/amsmath\amsopn.sty
Package: amsopn 2022/04/08 v2.04 operator names
)
\inf@bad=\count189
LaTeX Info: Redefining \frac on input line 234.
\uproot@=\count190
\leftroot@=\count191
LaTeX Info: Redefining \overline on input line 399.
LaTeX Info: Redefining \colon on input line 410.
\classnum@=\count192
\DOTSCASE@=\count193
LaTeX Info: Redefining \ldots on input line 496.
LaTeX Info: Redefining \dots on input line 499.
LaTeX Info: Redefining \cdots on input line 620.
\Mathstrutbox@=\box51
\strutbox@=\box52
LaTeX Info: Redefining \big on input line 722.
LaTeX Info: Redefining \Big on input line 723.
LaTeX Info: Redefining \bigg on input line 724.
LaTeX Info: Redefining \Bigg on input line 725.
\big@size=\dimen143
LaTeX Font Info:    Redeclaring font encoding OML on input line 743.
LaTeX Font Info:    Redeclaring font encoding OMS on input line 744.
\macc@depth=\count194
LaTeX Info: Redefining \bmod on input line 905.
LaTeX Info: Redefining \pmod on input line 910.
LaTeX Info: Redefining \smash on input line 940.
LaTeX Info: Redefining \relbar on input line 970.
LaTeX Info: Redefining \Relbar on input line 971.
\c@MaxMatrixCols=\count195
\dotsspace@=\muskip16
\c@parentequation=\count196
\dspbrk@lvl=\count197
\tag@help=\toks18
\row@=\count198
\column@=\count199
\maxfields@=\count266
\andhelp@=\toks19
\eqnshift@=\dimen144
\alignsep@=\dimen145
\tagshift@=\dimen146
\tagwidth@=\dimen147
\totwidth@=\dimen148
\lineht@=\dimen149
\@envbody=\toks20
\multlinegap=\skip51
\multlinetaggap=\skip52
\mathdisplay@stack=\toks21
LaTeX Info: Redefining \[ on input line 2953.
LaTeX Info: Redefining \] on input line 2954.
)
(A:\CTEX\MiKTeX\tex/latex/amscls\amsthm.sty
Package: amsthm 2020/05/29 v2.20.6
\thm@style=\toks22
\thm@bodyfont=\toks23
\thm@headfont=\toks24
\thm@notefont=\toks25
\thm@headpunct=\toks26
\thm@preskip=\skip53
\thm@postskip=\skip54
\thm@headsep=\skip55
\dth@everypar=\toks27
)
(A:\CTEX\MiKTeX\tex/latex/amsfonts\amssymb.sty
Package: amssymb 2013/01/14 v3.01 AMS font symbols

(A:\CTEX\MiKTeX\tex/latex/amsfonts\amsfonts.sty
Package: amsfonts 2013/01/14 v3.01 Basic AMSFonts support
\symAMSa=\mathgroup4
\symAMSb=\mathgroup5
LaTeX Font Info:    Redeclaring math symbol \hbar on input line 98.
LaTeX Font Info:    Overwriting math alphabet `\mathfrak' in version `bold'
(Font)                  U/euf/m/n --> U/euf/b/n on input line 106.
))
(A:\CTEX\MiKTeX\tex/latex/thmtools\thmtools.sty
Package: thmtools 2023/05/04 v0.76
\thmt@toks=\toks28
\c@thmt@dummyctr=\count267

(A:\CTEX\MiKTeX\tex/latex/thmtools\thm-patch.sty
Package: thm-patch 2023/05/04 v0.76

(A:\CTEX\MiKTeX\tex/latex/thmtools\parseargs.sty
Package: parseargs 2023/05/04 v0.76
\@parsespec=\toks29
))
(A:\CTEX\MiKTeX\tex/latex/thmtools\thm-kv.sty
Package: thm-kv 2023/05/04 v0.76
Package thm-kv Info: Theorem names will be uppercased on input line 42.

(A:\CTEX\MiKTeX\tex/latex/graphics\keyval.sty
Package: keyval 2022/05/29 v1.15 key=value parser (DPC)
\KV@toks@=\toks30
)
(A:\CTEX\MiKTeX\tex/latex/kvsetkeys\kvsetkeys.sty
Package: kvsetkeys 2022-10-05 v1.19 Key value parser (HO)
)
Package thm-kv Info: kvsetkeys patch (v1.16 or later) on input line 158.
)
(A:\CTEX\MiKTeX\tex/latex/thmtools\thm-autoref.sty
Package: thm-autoref 2023/05/04 v0.76

(A:\CTEX\MiKTeX\tex/latex/thmtools\aliasctr.sty
Package: aliasctr 2023/05/04 v0.76
))
(A:\CTEX\MiKTeX\tex/latex/thmtools\thm-listof.sty
Package: thm-listof 2023/05/04 v0.76
)
(A:\CTEX\MiKTeX\tex/latex/thmtools\thm-restate.sty
Package: thm-restate 2023/05/04 v0.76
)
(A:\CTEX\MiKTeX\tex/latex/thmtools\thm-amsthm.sty
Package: thm-amsthm 2023/05/04 v0.76
\thmt@style@headstyle=\toks31
))
(A:\CTEX\MiKTeX\tex/latex/graphics\graphicx.sty
Package: graphicx 2021/09/16 v1.2d Enhanced LaTeX Graphics (DPC,SPQR)

(A:\CTEX\MiKTeX\tex/latex/graphics\graphics.sty
Package: graphics 2022/03/10 v1.4e Standard LaTeX Graphics (DPC,SPQR)

(A:\CTEX\MiKTeX\tex/latex/graphics\trig.sty
Package: trig 2021/08/11 v1.11 sin cos tan (DPC)
)
(A:\CTEX\MiKTeX\tex/latex/graphics-cfg\graphics.cfg
File: graphics.cfg 2016/06/04 v1.11 sample graphics configuration
)
Package graphics Info: Driver file: xetex.def on input line 107.

(A:\CTEX\MiKTeX\tex/latex/graphics-def\xetex.def
File: xetex.def 2022/09/22 v5.0n Graphics/color driver for xetex
))
\Gin@req@height=\dimen150
\Gin@req@width=\dimen151
)
(A:\CTEX\MiKTeX\tex/latex/setspace\setspace.sty
Package: setspace 2022/12/04 v6.7b set line spacing
)
(A:\CTEX\MiKTeX\tex/latex/geometry\geometry.sty
Package: geometry 2020/01/02 v5.9 Page Geometry

(A:\CTEX\MiKTeX\tex/generic/iftex\ifvtex.sty
Package: ifvtex 2019/10/25 v1.7 ifvtex legacy package. Use iftex instead.

(A:\CTEX\MiKTeX\tex/generic/iftex\iftex.sty
Package: iftex 2022/02/03 v1.0f TeX engine tests
))
\Gm@cnth=\count268
\Gm@cntv=\count269
\c@Gm@tempcnt=\count270
\Gm@bindingoffset=\dimen152
\Gm@wd@mp=\dimen153
\Gm@odd@mp=\dimen154
\Gm@even@mp=\dimen155
\Gm@layoutwidth=\dimen156
\Gm@layoutheight=\dimen157
\Gm@layouthoffset=\dimen158
\Gm@layoutvoffset=\dimen159
\Gm@dimlist=\toks32

(A:\CTEX\MiKTeX\tex/latex/geometry\geometry.cfg))
(A:\CTEX\MiKTeX\tex/latex/float\float.sty
Package: float 2001/11/08 v1.3d Float enhancements (AL)
\c@float@type=\count271
\float@exts=\toks33
\float@box=\box53
\@float@everytoks=\toks34
\@floatcapt=\box54
)
(A:\CTEX\MiKTeX\tex/latex/hyperref\hyperref.sty
Package: hyperref 2023-07-08 v7.01b Hypertext links for LaTeX

(A:\CTEX\MiKTeX\tex/generic/ltxcmds\ltxcmds.sty
Package: ltxcmds 2020-05-10 v1.25 LaTeX kernel commands for general use (HO)
)
(A:\CTEX\MiKTeX\tex/generic/pdftexcmds\pdftexcmds.sty
Package: pdftexcmds 2020-06-27 v0.33 Utility functions of pdfTeX for LuaTeX (HO
)

(A:\CTEX\MiKTeX\tex/generic/infwarerr\infwarerr.sty
Package: infwarerr 2019/12/03 v1.5 Providing info/warning/error messages (HO)
)
Package pdftexcmds Info: \pdf@primitive is available.
Package pdftexcmds Info: \pdf@ifprimitive is available.
Package pdftexcmds Info: \pdfdraftmode not found.
)
(A:\CTEX\MiKTeX\tex/generic/kvdefinekeys\kvdefinekeys.sty
Package: kvdefinekeys 2019-12-19 v1.6 Define keys (HO)
)
(A:\CTEX\MiKTeX\tex/generic/pdfescape\pdfescape.sty
Package: pdfescape 2019/12/09 v1.15 Implements pdfTeX's escape features (HO)
)
(A:\CTEX\MiKTeX\tex/latex/hycolor\hycolor.sty
Package: hycolor 2020-01-27 v1.10 Color options for hyperref/bookmark (HO)
)
(A:\CTEX\MiKTeX\tex/latex/letltxmacro\letltxmacro.sty
Package: letltxmacro 2019/12/03 v1.6 Let assignment for LaTeX macros (HO)
)
(A:\CTEX\MiKTeX\tex/latex/auxhook\auxhook.sty
Package: auxhook 2019-12-17 v1.6 Hooks for auxiliary files (HO)
)
(A:\CTEX\MiKTeX\tex/latex/hyperref\nameref.sty
Package: nameref 2023-08-07 v2.53 Cross-referencing by name of section

(A:\CTEX\MiKTeX\tex/latex/refcount\refcount.sty
Package: refcount 2019/12/15 v3.6 Data extraction from label references (HO)
)
(A:\CTEX\MiKTeX\tex/generic/gettitlestring\gettitlestring.sty
Package: gettitlestring 2019/12/15 v1.6 Cleanup title references (HO)

(A:\CTEX\MiKTeX\tex/latex/kvoptions\kvoptions.sty
Package: kvoptions 2022-06-15 v3.15 Key value format for package options (HO)
))
\c@section@level=\count272
)
(A:\CTEX\MiKTeX\tex/latex/etoolbox\etoolbox.sty
Package: etoolbox 2020/10/05 v2.5k e-TeX tools for LaTeX (JAW)
\etb@tempcnta=\count273
)
\@linkdim=\dimen160
\Hy@linkcounter=\count274
\Hy@pagecounter=\count275

(A:\CTEX\MiKTeX\tex/latex/hyperref\pd1enc.def
File: pd1enc.def 2023-07-08 v7.01b Hyperref: PDFDocEncoding definition (HO)
)
(A:\CTEX\MiKTeX\tex/generic/intcalc\intcalc.sty
Package: intcalc 2019/12/15 v1.3 Expandable calculations with integers (HO)
)
\Hy@SavedSpaceFactor=\count276

(A:\CTEX\MiKTeX\tex/latex/hyperref\puenc.def
File: puenc.def 2023-07-08 v7.01b Hyperref: PDF Unicode definition (HO)
)
Package hyperref Info: Hyper figures OFF on input line 4167.
Package hyperref Info: Link nesting OFF on input line 4172.
Package hyperref Info: Hyper index ON on input line 4175.
Package hyperref Info: Plain pages OFF on input line 4182.
Package hyperref Info: Backreferencing OFF on input line 4187.
Package hyperref Info: Implicit mode ON; LaTeX internals redefined.
Package hyperref Info: Bookmarks ON on input line 4434.
\c@Hy@tempcnt=\count277

(A:\CTEX\MiKTeX\tex/latex/url\url.sty
\Urlmuskip=\muskip17
Package: url 2013/09/16  ver 3.4  Verb mode for urls, etc.
)
LaTeX Info: Redefining \url on input line 4772.
\XeTeXLinkMargin=\dimen161

(A:\CTEX\MiKTeX\tex/generic/bitset\bitset.sty
Package: bitset 2019/12/09 v1.3 Handle bit-vector datatype (HO)

(A:\CTEX\MiKTeX\tex/generic/bigintcalc\bigintcalc.sty
Package: bigintcalc 2019/12/15 v1.5 Expandable calculations on big integers (HO
)
))
\Fld@menulength=\count278
\Field@Width=\dimen162
\Fld@charsize=\dimen163
Package hyperref Info: Hyper figures OFF on input line 6051.
Package hyperref Info: Link nesting OFF on input line 6056.
Package hyperref Info: Hyper index ON on input line 6059.
Package hyperref Info: backreferencing OFF on input line 6066.
Package hyperref Info: Link coloring OFF on input line 6071.
Package hyperref Info: Link coloring with OCG OFF on input line 6076.
Package hyperref Info: PDF/A mode OFF on input line 6081.

(A:\CTEX\MiKTeX\tex/latex/base\atbegshi-ltx.sty
Package: atbegshi-ltx 2021/01/10 v1.0c Emulation of the original atbegshi
package with kernel methods
)
\Hy@abspage=\count279
\c@Item=\count280
\c@Hfootnote=\count281
)
Package hyperref Info: Driver (autodetected): hxetex.

(A:\CTEX\MiKTeX\tex/latex/hyperref\hxetex.def
File: hxetex.def 2023-07-08 v7.01b Hyperref driver for XeTeX

(A:\CTEX\MiKTeX\tex/generic/stringenc\stringenc.sty
Package: stringenc 2019/11/29 v1.12 Convert strings between diff. encodings (HO
)
)
\pdfm@box=\box55
\c@Hy@AnnotLevel=\count282
\HyField@AnnotCount=\count283
\Fld@listcount=\count284
\c@bookmark@seq@number=\count285

(A:\CTEX\MiKTeX\tex/latex/rerunfilecheck\rerunfilecheck.sty
Package: rerunfilecheck 2022-07-10 v1.10 Rerun checks for auxiliary files (HO)

(A:\CTEX\MiKTeX\tex/latex/base\atveryend-ltx.sty
Package: atveryend-ltx 2020/08/19 v1.0a Emulation of the original atveryend pac
kage
with kernel methods
)
(A:\CTEX\MiKTeX\tex/generic/uniquecounter\uniquecounter.sty
Package: uniquecounter 2019/12/15 v1.4 Provide unlimited unique counter (HO)
)
Package uniquecounter Info: New unique counter `rerunfilecheck' on input line 2
85.
)
\Hy@SectionHShift=\skip56
)

Package hyperref Warning: Option `hypertex' has already been used,
(hyperref)                setting the option has no effect on input line 14.

Package hyperref Info: Option `colorlinks' set `true' on input line 14.
(A:\CTEX\MiKTeX\tex/latex/base\inputenc.sty
Package: inputenc 2021/02/14 v1.3d Input encoding file
\inpenc@prehook=\toks35
\inpenc@posthook=\toks36


Package inputenc Warning: inputenc package ignored with utf8 based engines.

) (A:\CTEX\MiKTeX\tex/generic/babel\babel.sty
Package: babel 2023/09/29 v3.95 The Babel package
\babel@savecnt=\count286
\U@D=\dimen164
\l@unhyphenated=\language79

(A:\CTEX\MiKTeX\tex/generic/babel\xebabel.def)
\bbl@readstream=\read2
\bbl@dirlevel=\count287

*************************************
* Local config file bblopts.cfg used
*
(A:\CTEX\MiKTeX\tex/latex/arabi\bblopts.cfg
File: bblopts.cfg 2005/09/08 v0.1 add Arabic and Farsi to "declared" options of
 babel
)
(A:\CTEX\MiKTeX\tex/latex/babel-english\english.ldf
Language: english 2017/06/06 v3.3r English support from the babel system
Package babel Info: Hyphen rules for 'canadian' set to \l@english
(babel)             (\language0). Reported on input line 102.
Package babel Info: Hyphen rules for 'australian' set to \l@ukenglish
(babel)             (\language73). Reported on input line 105.
Package babel Info: Hyphen rules for 'newzealand' set to \l@ukenglish
(babel)             (\language73). Reported on input line 108.
))
(A:\CTEX\MiKTeX\tex/generic/babel/locale/en\babel-english.tex
Package babel Info: Importing font and identification data for english
(babel)             from babel-en.ini. Reported on input line 11.
)
(A:\CTEX\MiKTeX\tex/latex/framed\framed.sty
Package: framed 2011/10/22 v 0.96: framed or shaded text with page breaks
\OuterFrameSep=\skip57
\fb@frw=\dimen165
\fb@frh=\dimen166
\FrameRule=\dimen167
\FrameSep=\dimen168
)
(A:\CTEX\MiKTeX\tex/latex/xcolor\xcolor.sty
Package: xcolor 2022/06/12 v2.14 LaTeX color extensions (UK)

(A:\CTEX\MiKTeX\tex/latex/graphics-cfg\color.cfg
File: color.cfg 2016/01/02 v1.6 sample color configuration
)
Package xcolor Info: Driver file: xetex.def on input line 227.

(A:\CTEX\MiKTeX\tex/latex/graphics\mathcolor.ltx)
Package xcolor Info: Model `cmy' substituted by `cmy0' on input line 1353.
Package xcolor Info: Model `RGB' extended on input line 1369.
Package xcolor Info: Model `HTML' substituted by `rgb' on input line 1371.
Package xcolor Info: Model `Hsb' substituted by `hsb' on input line 1372.
Package xcolor Info: Model `tHsb' substituted by `hsb' on input line 1373.
Package xcolor Info: Model `HSB' substituted by `hsb' on input line 1374.
Package xcolor Info: Model `Gray' substituted by `gray' on input line 1375.
Package xcolor Info: Model `wave' substituted by `hsb' on input line 1376.

(A:\CTEX\MiKTeX\tex/latex/graphics\dvipsnam.def
File: dvipsnam.def 2016/06/17 v3.0m Driver-dependent file (DPC,SPQR)
))
(A:\CTEX\MiKTeX\tex/latex/tcolorbox\tcolorbox.sty
Package: tcolorbox 2023/09/26 version 6.1.0 text color boxes

(A:\CTEX\MiKTeX\tex/latex/pgf/basiclayer\pgf.sty
(A:\CTEX\MiKTeX\tex/latex/pgf/utilities\pgfrcs.sty
(A:\CTEX\MiKTeX\tex/generic/pgf/utilities\pgfutil-common.tex
\pgfutil@everybye=\toks37
\pgfutil@tempdima=\dimen169
\pgfutil@tempdimb=\dimen170
)
(A:\CTEX\MiKTeX\tex/generic/pgf/utilities\pgfutil-latex.def
\pgfutil@abb=\box56
)
(A:\CTEX\MiKTeX\tex/generic/pgf/utilities\pgfrcs.code.tex
(A:\CTEX\MiKTeX\tex/generic/pgf\pgf.revision.tex)
Package: pgfrcs 2023-01-15 v3.1.10 (3.1.10)
))
Package: pgf 2023-01-15 v3.1.10 (3.1.10)

(A:\CTEX\MiKTeX\tex/latex/pgf/basiclayer\pgfcore.sty
(A:\CTEX\MiKTeX\tex/latex/pgf/systemlayer\pgfsys.sty
(A:\CTEX\MiKTeX\tex/generic/pgf/systemlayer\pgfsys.code.tex
Package: pgfsys 2023-01-15 v3.1.10 (3.1.10)

(A:\CTEX\MiKTeX\tex/generic/pgf/utilities\pgfkeys.code.tex
\pgfkeys@pathtoks=\toks38
\pgfkeys@temptoks=\toks39

(A:\CTEX\MiKTeX\tex/generic/pgf/utilities\pgfkeyslibraryfiltered.code.tex
\pgfkeys@tmptoks=\toks40
))
\pgf@x=\dimen171
\pgf@y=\dimen172
\pgf@xa=\dimen173
\pgf@ya=\dimen174
\pgf@xb=\dimen175
\pgf@yb=\dimen176
\pgf@xc=\dimen177
\pgf@yc=\dimen178
\pgf@xd=\dimen179
\pgf@yd=\dimen180
\w@pgf@writea=\write3
\r@pgf@reada=\read3
\c@pgf@counta=\count288
\c@pgf@countb=\count289
\c@pgf@countc=\count290
\c@pgf@countd=\count291
\t@pgf@toka=\toks41
\t@pgf@tokb=\toks42
\t@pgf@tokc=\toks43
\pgf@sys@id@count=\count292

(A:\CTEX\MiKTeX\tex/generic/pgf/systemlayer\pgf.cfg
File: pgf.cfg 2023-01-15 v3.1.10 (3.1.10)
)
Driver file for pgf: pgfsys-xetex.def

(A:\CTEX\MiKTeX\tex/generic/pgf/systemlayer\pgfsys-xetex.def
File: pgfsys-xetex.def 2023-01-15 v3.1.10 (3.1.10)

(A:\CTEX\MiKTeX\tex/generic/pgf/systemlayer\pgfsys-dvipdfmx.def
File: pgfsys-dvipdfmx.def 2023-01-15 v3.1.10 (3.1.10)

(A:\CTEX\MiKTeX\tex/generic/pgf/systemlayer\pgfsys-common-pdf.def
File: pgfsys-common-pdf.def 2023-01-15 v3.1.10 (3.1.10)
)
\pgfsys@objnum=\count293
)))
(A:\CTEX\MiKTeX\tex/generic/pgf/systemlayer\pgfsyssoftpath.code.tex
File: pgfsyssoftpath.code.tex 2023-01-15 v3.1.10 (3.1.10)
\pgfsyssoftpath@smallbuffer@items=\count294
\pgfsyssoftpath@bigbuffer@items=\count295
)
(A:\CTEX\MiKTeX\tex/generic/pgf/systemlayer\pgfsysprotocol.code.tex
File: pgfsysprotocol.code.tex 2023-01-15 v3.1.10 (3.1.10)
))
(A:\CTEX\MiKTeX\tex/generic/pgf/basiclayer\pgfcore.code.tex
Package: pgfcore 2023-01-15 v3.1.10 (3.1.10)

(A:\CTEX\MiKTeX\tex/generic/pgf/math\pgfmath.code.tex
(A:\CTEX\MiKTeX\tex/generic/pgf/math\pgfmathutil.code.tex)
(A:\CTEX\MiKTeX\tex/generic/pgf/math\pgfmathparser.code.tex
\pgfmath@dimen=\dimen181
\pgfmath@count=\count296
\pgfmath@box=\box57
\pgfmath@toks=\toks44
\pgfmath@stack@operand=\toks45
\pgfmath@stack@operation=\toks46
)
(A:\CTEX\MiKTeX\tex/generic/pgf/math\pgfmathfunctions.code.tex)
(A:\CTEX\MiKTeX\tex/generic/pgf/math\pgfmathfunctions.basic.code.tex)
(A:\CTEX\MiKTeX\tex/generic/pgf/math\pgfmathfunctions.trigonometric.code.tex)
(A:\CTEX\MiKTeX\tex/generic/pgf/math\pgfmathfunctions.random.code.tex)
(A:\CTEX\MiKTeX\tex/generic/pgf/math\pgfmathfunctions.comparison.code.tex)
(A:\CTEX\MiKTeX\tex/generic/pgf/math\pgfmathfunctions.base.code.tex)
(A:\CTEX\MiKTeX\tex/generic/pgf/math\pgfmathfunctions.round.code.tex)
(A:\CTEX\MiKTeX\tex/generic/pgf/math\pgfmathfunctions.misc.code.tex)
(A:\CTEX\MiKTeX\tex/generic/pgf/math\pgfmathfunctions.integerarithmetics.code.t
ex) (A:\CTEX\MiKTeX\tex/generic/pgf/math\pgfmathcalc.code.tex)
(A:\CTEX\MiKTeX\tex/generic/pgf/math\pgfmathfloat.code.tex
\c@pgfmathroundto@lastzeros=\count297
))
(A:\CTEX\MiKTeX\tex/generic/pgf/math\pgfint.code.tex)
(A:\CTEX\MiKTeX\tex/generic/pgf/basiclayer\pgfcorepoints.code.tex
File: pgfcorepoints.code.tex 2023-01-15 v3.1.10 (3.1.10)
\pgf@picminx=\dimen182
\pgf@picmaxx=\dimen183
\pgf@picminy=\dimen184
\pgf@picmaxy=\dimen185
\pgf@pathminx=\dimen186
\pgf@pathmaxx=\dimen187
\pgf@pathminy=\dimen188
\pgf@pathmaxy=\dimen189
\pgf@xx=\dimen190
\pgf@xy=\dimen191
\pgf@yx=\dimen192
\pgf@yy=\dimen193
\pgf@zx=\dimen194
\pgf@zy=\dimen195
)
(A:\CTEX\MiKTeX\tex/generic/pgf/basiclayer\pgfcorepathconstruct.code.tex
File: pgfcorepathconstruct.code.tex 2023-01-15 v3.1.10 (3.1.10)
\pgf@path@lastx=\dimen196
\pgf@path@lasty=\dimen197
)
(A:\CTEX\MiKTeX\tex/generic/pgf/basiclayer\pgfcorepathusage.code.tex
File: pgfcorepathusage.code.tex 2023-01-15 v3.1.10 (3.1.10)
\pgf@shorten@end@additional=\dimen198
\pgf@shorten@start@additional=\dimen199
)
(A:\CTEX\MiKTeX\tex/generic/pgf/basiclayer\pgfcorescopes.code.tex
File: pgfcorescopes.code.tex 2023-01-15 v3.1.10 (3.1.10)
\pgfpic=\box58
\pgf@hbox=\box59
\pgf@layerbox@main=\box60
\pgf@picture@serial@count=\count298
)
(A:\CTEX\MiKTeX\tex/generic/pgf/basiclayer\pgfcoregraphicstate.code.tex
File: pgfcoregraphicstate.code.tex 2023-01-15 v3.1.10 (3.1.10)
\pgflinewidth=\dimen256
)
(A:\CTEX\MiKTeX\tex/generic/pgf/basiclayer\pgfcoretransformations.code.tex
File: pgfcoretransformations.code.tex 2023-01-15 v3.1.10 (3.1.10)
\pgf@pt@x=\dimen257
\pgf@pt@y=\dimen258
\pgf@pt@temp=\dimen259
)
(A:\CTEX\MiKTeX\tex/generic/pgf/basiclayer\pgfcorequick.code.tex
File: pgfcorequick.code.tex 2023-01-15 v3.1.10 (3.1.10)
)
(A:\CTEX\MiKTeX\tex/generic/pgf/basiclayer\pgfcoreobjects.code.tex
File: pgfcoreobjects.code.tex 2023-01-15 v3.1.10 (3.1.10)
)
(A:\CTEX\MiKTeX\tex/generic/pgf/basiclayer\pgfcorepathprocessing.code.tex
File: pgfcorepathprocessing.code.tex 2023-01-15 v3.1.10 (3.1.10)
)
(A:\CTEX\MiKTeX\tex/generic/pgf/basiclayer\pgfcorearrows.code.tex
File: pgfcorearrows.code.tex 2023-01-15 v3.1.10 (3.1.10)
\pgfarrowsep=\dimen260
)
(A:\CTEX\MiKTeX\tex/generic/pgf/basiclayer\pgfcoreshade.code.tex
File: pgfcoreshade.code.tex 2023-01-15 v3.1.10 (3.1.10)
\pgf@max=\dimen261
\pgf@sys@shading@range@num=\count299
\pgf@shadingcount=\count300
)
(A:\CTEX\MiKTeX\tex/generic/pgf/basiclayer\pgfcoreimage.code.tex
File: pgfcoreimage.code.tex 2023-01-15 v3.1.10 (3.1.10)
)
(A:\CTEX\MiKTeX\tex/generic/pgf/basiclayer\pgfcoreexternal.code.tex
File: pgfcoreexternal.code.tex 2023-01-15 v3.1.10 (3.1.10)
\pgfexternal@startupbox=\box61
)
(A:\CTEX\MiKTeX\tex/generic/pgf/basiclayer\pgfcorelayers.code.tex
File: pgfcorelayers.code.tex 2023-01-15 v3.1.10 (3.1.10)
)
(A:\CTEX\MiKTeX\tex/generic/pgf/basiclayer\pgfcoretransparency.code.tex
File: pgfcoretransparency.code.tex 2023-01-15 v3.1.10 (3.1.10)
)
(A:\CTEX\MiKTeX\tex/generic/pgf/basiclayer\pgfcorepatterns.code.tex
File: pgfcorepatterns.code.tex 2023-01-15 v3.1.10 (3.1.10)
)
(A:\CTEX\MiKTeX\tex/generic/pgf/basiclayer\pgfcorerdf.code.tex
File: pgfcorerdf.code.tex 2023-01-15 v3.1.10 (3.1.10)
)))
(A:\CTEX\MiKTeX\tex/generic/pgf/modules\pgfmoduleshapes.code.tex
File: pgfmoduleshapes.code.tex 2023-01-15 v3.1.10 (3.1.10)
\pgfnodeparttextbox=\box62
)
(A:\CTEX\MiKTeX\tex/generic/pgf/modules\pgfmoduleplot.code.tex
File: pgfmoduleplot.code.tex 2023-01-15 v3.1.10 (3.1.10)
)
(A:\CTEX\MiKTeX\tex/latex/pgf/compatibility\pgfcomp-version-0-65.sty
Package: pgfcomp-version-0-65 2023-01-15 v3.1.10 (3.1.10)
\pgf@nodesepstart=\dimen262
\pgf@nodesepend=\dimen263
)
(A:\CTEX\MiKTeX\tex/latex/pgf/compatibility\pgfcomp-version-1-18.sty
Package: pgfcomp-version-1-18 2023-01-15 v3.1.10 (3.1.10)
))
(A:\CTEX\MiKTeX\tex/latex/tools\verbatim.sty
Package: verbatim 2022-07-02 v1.5u LaTeX2e package for verbatim enhancements
\every@verbatim=\toks47
\verbatim@line=\toks48
\verbatim@in@stream=\read4
)
(A:\CTEX\MiKTeX\tex/latex/environ\environ.sty
Package: environ 2014/05/04 v0.3 A new way to define environments

(A:\CTEX\MiKTeX\tex/latex/trimspaces\trimspaces.sty
Package: trimspaces 2009/09/17 v1.1 Trim spaces around a token list
))
\tcb@titlebox=\box63
\tcb@upperbox=\box64
\tcb@lowerbox=\box65
\tcb@phantombox=\box66
\c@tcbbreakpart=\count301
\c@tcblayer=\count302
\c@tcolorbox@number=\count303
\tcb@temp=\box67
\tcb@temp=\box68
\tcb@temp=\box69
\tcb@temp=\box70
)
(A:\CTEX\MiKTeX\tex/latex/ctex\ctex.sty
(A:\CTEX\MiKTeX\tex/latex/l3kernel\expl3.sty
Package: expl3 2023-08-29 L3 programming layer (loader) 

(A:\CTEX\MiKTeX\tex/latex/l3backend\l3backend-xetex.def
File: l3backend-xetex.def 2023-04-19 L3 backend support: XeTeX
\g__graphics_track_int=\count304
\l__pdf_internal_box=\box71
\g__pdf_backend_object_int=\count305
\g__pdf_backend_annotation_int=\count306
\g__pdf_backend_link_int=\count307
))
Package: ctex 2022/07/14 v2.5.10 Chinese adapter in LaTeX (CTEX)

(A:\CTEX\MiKTeX\tex/latex/ctex\ctexhook.sty
Package: ctexhook 2022/07/14 v2.5.10 Document and package hooks (CTEX)
)
(A:\CTEX\MiKTeX\tex/latex/ctex\ctexpatch.sty
Package: ctexpatch 2022/07/14 v2.5.10 Patching commands (CTEX)
)
(A:\CTEX\MiKTeX\tex/latex/base\fix-cm.sty
Package: fix-cm 2020/11/24 v1.1t fixes to LaTeX

(A:\CTEX\MiKTeX\tex/latex/base\ts1enc.def
File: ts1enc.def 2001/06/05 v3.0e (jk/car/fm) Standard LaTeX file
LaTeX Font Info:    Redeclaring font encoding TS1 on input line 47.
))
\l__ctex_tmp_int=\count308
\l__ctex_tmp_box=\box72
\l__ctex_tmp_dim=\dimen264
\g__ctex_section_depth_int=\count309
\g__ctex_font_size_int=\count310

(A:\CTEX\CTeX\tex/latex/ctex/cfg\ctexopts.cfg)
(A:\CTEX\MiKTeX\tex/latex/ctex/engine\ctex-engine-xetex.def
File: ctex-engine-xetex.def 2022/07/14 v2.5.10 XeLaTeX adapter (CTEX)

(A:\CTEX\MiKTeX\tex/xelatex/xecjk\xeCJK.sty
Package: xeCJK 2022/08/05 v3.9.1 Typesetting CJK scripts with XeLaTeX

(A:\CTEX\MiKTeX\tex/latex/l3packages/xtemplate\xtemplate.sty
Package: xtemplate 2023-08-29 L3 Experimental prototype document functions
\l__xtemplate_tmp_dim=\dimen265
\l__xtemplate_tmp_int=\count311
\l__xtemplate_tmp_muskip=\muskip18
\l__xtemplate_tmp_skip=\skip58
)
\l__xeCJK_tmp_int=\count312
\l__xeCJK_tmp_box=\box73
\l__xeCJK_tmp_dim=\dimen266
\l__xeCJK_tmp_skip=\skip59
\g__xeCJK_space_factor_int=\count313
\l__xeCJK_begin_int=\count314
\l__xeCJK_end_int=\count315
\c__xeCJK_CJK_class_int=\XeTeXcharclass1
\c__xeCJK_FullLeft_class_int=\XeTeXcharclass2
\c__xeCJK_FullRight_class_int=\XeTeXcharclass3
\c__xeCJK_HalfLeft_class_int=\XeTeXcharclass4
\c__xeCJK_HalfRight_class_int=\XeTeXcharclass5
\c__xeCJK_NormalSpace_class_int=\XeTeXcharclass6
\c__xeCJK_CM_class_int=\XeTeXcharclass7
\c__xeCJK_HangulJamo_class_int=\XeTeXcharclass8
\l__xeCJK_last_skip=\skip60
\c__xeCJK_none_node=\count316
\g__xeCJK_node_int=\count317
\c__xeCJK_CJK_node_dim=\dimen267
\c__xeCJK_CJK-space_node_dim=\dimen268
\c__xeCJK_default_node_dim=\dimen269
\c__xeCJK_CJK-widow_node_dim=\dimen270
\c__xeCJK_normalspace_node_dim=\dimen271
\c__xeCJK_default-space_node_skip=\skip61
\l__xeCJK_ccglue_skip=\skip62
\l__xeCJK_ecglue_skip=\skip63
\l__xeCJK_punct_kern_skip=\skip64
\l__xeCJK_indent_box=\box74
\l__xeCJK_last_penalty_int=\count318
\l__xeCJK_last_bound_dim=\dimen272
\l__xeCJK_last_kern_dim=\dimen273
\l__xeCJK_widow_penalty_int=\count319

Package xtemplate Info: Declaring object type 'xeCJK/punctuation' taking 0
(xtemplate)             argument(s) on line 2396.

\l__xeCJK_fixed_punct_width_dim=\dimen274
\l__xeCJK_mixed_punct_width_dim=\dimen275
\l__xeCJK_middle_punct_width_dim=\dimen276
\l__xeCJK_fixed_margin_width_dim=\dimen277
\l__xeCJK_mixed_margin_width_dim=\dimen278
\l__xeCJK_middle_margin_width_dim=\dimen279
\l__xeCJK_bound_punct_width_dim=\dimen280
\l__xeCJK_bound_margin_width_dim=\dimen281
\l__xeCJK_margin_minimum_dim=\dimen282
\l__xeCJK_kerning_total_width_dim=\dimen283
\l__xeCJK_same_align_margin_dim=\dimen284
\l__xeCJK_different_align_margin_dim=\dimen285
\l__xeCJK_kerning_margin_width_dim=\dimen286
\l__xeCJK_kerning_margin_minimum_dim=\dimen287
\l__xeCJK_bound_dim=\dimen288
\l__xeCJK_reverse_bound_dim=\dimen289
\l__xeCJK_margin_dim=\dimen290
\l__xeCJK_minimum_bound_dim=\dimen291
\l__xeCJK_kerning_margin_dim=\dimen292
\g__xeCJK_family_int=\count320
\l__xeCJK_fam_int=\count321
\g__xeCJK_fam_allocation_int=\count322
\l__xeCJK_verb_case_int=\count323
\l__xeCJK_verb_exspace_skip=\skip65

(A:\CTEX\MiKTeX\tex/latex/fontspec\fontspec.sty
(A:\CTEX\MiKTeX\tex/latex/l3packages/xparse\xparse.sty
Package: xparse 2023-08-29 L3 Experimental document command parser
)
Package: fontspec 2022/01/15 v2.8a Font selection for XeLaTeX and LuaLaTeX

(A:\CTEX\MiKTeX\tex/latex/fontspec\fontspec-xetex.sty
Package: fontspec-xetex 2022/01/15 v2.8a Font selection for XeLaTeX and LuaLaTe
X
\l__fontspec_script_int=\count324
\l__fontspec_language_int=\count325
\l__fontspec_strnum_int=\count326
\l__fontspec_tmp_int=\count327
\l__fontspec_tmpa_int=\count328
\l__fontspec_tmpb_int=\count329
\l__fontspec_tmpc_int=\count330
\l__fontspec_em_int=\count331
\l__fontspec_emdef_int=\count332
\l__fontspec_strong_int=\count333
\l__fontspec_strongdef_int=\count334
\l__fontspec_tmpa_dim=\dimen293
\l__fontspec_tmpb_dim=\dimen294
\l__fontspec_tmpc_dim=\dimen295

(A:\CTEX\MiKTeX\tex/latex/base\fontenc.sty
Package: fontenc 2021/04/29 v2.0v Standard LaTeX package
)
(A:\CTEX\MiKTeX\tex/latex/fontspec\fontspec.cfg)))
(A:\CTEX\MiKTeX\tex/xelatex/xecjk\xeCJK.cfg
File: xeCJK.cfg 2022/08/05 v3.9.1 Configuration file for xeCJK package
))
\ccwd=\dimen296
\l__ctex_ccglue_skip=\skip66
)
\l__ctex_ziju_dim=\dimen297

(A:\CTEX\MiKTeX\tex/latex/zhnumber\zhnumber.sty
Package: zhnumber 2022/07/14 v3.0 Typesetting numbers with Chinese glyphs
\l__zhnum_scale_int=\count335
\l__zhnum_tmp_int=\count336

(A:\CTEX\MiKTeX\tex/latex/zhnumber\zhnumber-utf8.cfg
File: zhnumber-utf8.cfg 2022/07/14 v3.0 Chinese numerals with UTF8 encoding
))
(A:\CTEX\MiKTeX\tex/latex/ctex/scheme\ctex-scheme-chinese.def
File: ctex-scheme-chinese.def 2022/07/14 v2.5.10 Chinese scheme for generic (CT
EX)

(A:\CTEX\MiKTeX\tex/latex/ctex/config\ctex-name-utf8.cfg
File: ctex-name-utf8.cfg 2022/07/14 v2.5.10 Caption with encoding UTF-8 (CTEX)
))
(A:\CTEX\MiKTeX\tex/latex/tools\indentfirst.sty
Package: indentfirst 1995/11/23 v1.03 Indent first paragraph (DPC)
)
(A:\CTEX\MiKTeX\tex/latex/ctex\ctex-c5size.clo
File: ctex-c5size.clo 2022/07/14 v2.5.10 c5size option (CTEX)
)
(A:\CTEX\MiKTeX\tex/latex/ctex/fontset\ctex-fontset-windows.def
File: ctex-fontset-windows.def 2022/07/14 v2.5.10 Windows fonts definition (CTE
X)

Package fontspec Info: Could not resolve font "KaiTi/B" (it probably doesn't
(fontspec)             exist).


Package fontspec Info: Could not resolve font "SimHei/I" (it probably doesn't
(fontspec)             exist).


Package fontspec Info: Could not resolve font "SimSun/BI" (it probably doesn't
(fontspec)             exist).


Package fontspec Info: Font family 'SimSun(0)' created for font 'SimSun' with
(fontspec)             options
(fontspec)             [Script={CJK},BoldFont={SimHei},ItalicFont={KaiTi}].
(fontspec)              
(fontspec)              This font family consists of the following NFSS
(fontspec)             series/shapes:
(fontspec)              
(fontspec)             - 'normal' (m/n) with NFSS spec.:
(fontspec)             <->"SimSun/OT:script=hani;language=dflt;"
(fontspec)             - 'small caps'  (m/sc) with NFSS spec.: 
(fontspec)             - 'bold' (b/n) with NFSS spec.:
(fontspec)             <->"SimHei/OT:script=hani;language=dflt;"
(fontspec)             - 'bold small caps'  (b/sc) with NFSS spec.: 
(fontspec)             - 'italic' (m/it) with NFSS spec.:
(fontspec)             <->"KaiTi/OT:script=hani;language=dflt;"
(fontspec)             - 'italic small caps'  (m/scit) with NFSS spec.: 

))
(A:\CTEX\MiKTeX\tex/latex/ctex/config\ctex.cfg
File: ctex.cfg 2022/07/14 v2.5.10 Configuration file (CTEX)
)
(A:\CTEX\MiKTeX\tex/latex/tikz-cd\tikz-cd.sty
Package: tikz-cd 2021/05/04 v1.0 Commutative diagrams with TikZ

(A:\CTEX\MiKTeX\tex/latex/pgf/frontendlayer\tikz.sty
(A:\CTEX\MiKTeX\tex/latex/pgf/utilities\pgffor.sty
(A:\CTEX\MiKTeX\tex/latex/pgf/utilities\pgfkeys.sty
(A:\CTEX\MiKTeX\tex/generic/pgf/utilities\pgfkeys.code.tex))
(A:\CTEX\MiKTeX\tex/latex/pgf/math\pgfmath.sty
(A:\CTEX\MiKTeX\tex/generic/pgf/math\pgfmath.code.tex))
(A:\CTEX\MiKTeX\tex/generic/pgf/utilities\pgffor.code.tex
Package: pgffor 2023-01-15 v3.1.10 (3.1.10)
\pgffor@iter=\dimen298
\pgffor@skip=\dimen299
\pgffor@stack=\toks49
\pgffor@toks=\toks50
))
(A:\CTEX\MiKTeX\tex/generic/pgf/frontendlayer/tikz\tikz.code.tex
Package: tikz 2023-01-15 v3.1.10 (3.1.10)

(A:\CTEX\MiKTeX\tex/generic/pgf/libraries\pgflibraryplothandlers.code.tex
File: pgflibraryplothandlers.code.tex 2023-01-15 v3.1.10 (3.1.10)
\pgf@plot@mark@count=\count337
\pgfplotmarksize=\dimen300
)
\tikz@lastx=\dimen301
\tikz@lasty=\dimen302
\tikz@lastxsaved=\dimen303
\tikz@lastysaved=\dimen304
\tikz@lastmovetox=\dimen305
\tikz@lastmovetoy=\dimen306
\tikzleveldistance=\dimen307
\tikzsiblingdistance=\dimen308
\tikz@figbox=\box75
\tikz@figbox@bg=\box76
\tikz@tempbox=\box77
\tikz@tempbox@bg=\box78
\tikztreelevel=\count338
\tikznumberofchildren=\count339
\tikznumberofcurrentchild=\count340
\tikz@fig@count=\count341

(A:\CTEX\MiKTeX\tex/generic/pgf/modules\pgfmodulematrix.code.tex
File: pgfmodulematrix.code.tex 2023-01-15 v3.1.10 (3.1.10)
\pgfmatrixcurrentrow=\count342
\pgfmatrixcurrentcolumn=\count343
\pgf@matrix@numberofcolumns=\count344
)
\tikz@expandcount=\count345

(A:\CTEX\MiKTeX\tex/generic/pgf/frontendlayer/tikz/libraries\tikzlibrarytopaths
.code.tex
File: tikzlibrarytopaths.code.tex 2023-01-15 v3.1.10 (3.1.10)
))) (A:\CTEX\MiKTeX\tex/latex/tikz-cd\tikzlibrarycd.code.tex
(A:\CTEX\MiKTeX\tex/generic/pgf/frontendlayer/tikz/libraries\tikzlibrarymatrix.
code.tex
File: tikzlibrarymatrix.code.tex 2023-01-15 v3.1.10 (3.1.10)
)
(A:\CTEX\MiKTeX\tex/generic/pgf/frontendlayer/tikz/libraries\tikzlibraryquotes.
code.tex
File: tikzlibraryquotes.code.tex 2023-01-15 v3.1.10 (3.1.10)
)
(A:\CTEX\MiKTeX\tex/generic/pgf/libraries\pgflibraryarrows.meta.code.tex
File: pgflibraryarrows.meta.code.tex 2023-01-15 v3.1.10 (3.1.10)
\pgfarrowinset=\dimen309
\pgfarrowlength=\dimen310
\pgfarrowwidth=\dimen311
\pgfarrowlinewidth=\dimen312
)))
(A:\CTEX\MiKTeX\tex/latex/jknappen\mathrsfs.sty
Package: mathrsfs 1996/01/01 Math RSFS package v1.0 (jk)
\symrsfs=\mathgroup6
)
(A:\CTEX\MiKTeX\tex/latex/ulem\ulem.sty
\UL@box=\box79
\UL@hyphenbox=\box80
\UL@skip=\skip67
\UL@hook=\toks51
\UL@height=\dimen313
\UL@pe=\count346
\UL@pixel=\dimen314
\ULC@box=\box81
Package: ulem 2019/11/18
\ULdepth=\dimen315
)
(A:\CTEX\MiKTeX\tex/latex/pgfplots\pgfplots.sty
(A:\CTEX\MiKTeX\tex/generic/pgfplots\pgfplots.revision.tex)
Package: pgfplots 2021/05/15 v1.18.1 Data Visualization (1.18.1)

(A:\CTEX\MiKTeX\tex/generic/pgfplots\pgfplots.code.tex
(A:\CTEX\MiKTeX\tex/generic/pgfplots\pgfplotscore.code.tex
\t@pgfplots@toka=\toks52
\t@pgfplots@tokb=\toks53
\t@pgfplots@tokc=\toks54
\pgfplots@tmpa=\dimen316
\c@pgfplots@coordindex=\count347
\c@pgfplots@scanlineindex=\count348

(A:\CTEX\MiKTeX\tex/generic/pgfplots/sys\pgfplotssysgeneric.code.tex))
(A:\CTEX\MiKTeX\tex/generic/pgfplots/libs\pgfplotslibrary.code.tex)
(A:\CTEX\MiKTeX\tex/generic/pgfplots/oldpgfcompatib\pgfplotsoldpgfsupp_loader.c
ode.tex (A:\CTEX\MiKTeX\tex/generic/pgf/libraries\pgflibraryfpu.code.tex)
Package pgfplots: loading complementary utilities for your pgf version...
\t@pgf@toka=\toks55
\t@pgf@tokb=\toks56
\t@pgf@tokc=\toks57

(A:\CTEX\MiKTeX\tex/generic/pgfplots/oldpgfcompatib\pgfplotsoldpgfsupp_pgfutil-
common-lists.tex))
(A:\CTEX\MiKTeX\tex/generic/pgfplots/util\pgfplotsutil.code.tex
(A:\CTEX\MiKTeX\tex/generic/pgfplots/liststructure\pgfplotsliststructure.code.t
ex)
(A:\CTEX\MiKTeX\tex/generic/pgfplots/liststructure\pgfplotsliststructureext.cod
e.tex)
(A:\CTEX\MiKTeX\tex/generic/pgfplots/liststructure\pgfplotsarray.code.tex
\c@pgfplotsarray@tmp=\count349
)
(A:\CTEX\MiKTeX\tex/generic/pgfplots/liststructure\pgfplotsmatrix.code.tex)
(A:\CTEX\MiKTeX\tex/generic/pgfplots/numtable\pgfplotstableshared.code.tex
\c@pgfplotstable@counta=\count350
\t@pgfplotstable@a=\toks58
)
(A:\CTEX\MiKTeX\tex/generic/pgfplots/liststructure\pgfplotsdeque.code.tex)
(A:\CTEX\MiKTeX\tex/generic/pgfplots/util\pgfplotsbinary.code.tex
(A:\CTEX\MiKTeX\tex/generic/pgfplots/util\pgfplotsbinary.data.code.tex))
(A:\CTEX\MiKTeX\tex/generic/pgfplots/util\pgfplotsutil.verb.code.tex)
(A:\CTEX\MiKTeX\tex/generic/pgfplots/libs\pgflibrarypgfplots.surfshading.code.t
ex
\c@pgfplotslibrarysurf@no=\count351

(A:\CTEX\MiKTeX\tex/generic/pgfplots/sys\pgflibrarypgfplots.surfshading.pgfsys-
xetex.def
(A:\CTEX\MiKTeX\tex/generic/pgfplots/sys\pgflibrarypgfplots.surfshading.pgfsys-
dvipdfmx.def
\c@pgfplotslibrarysurf@streamlen=\count352
))))
(A:\CTEX\MiKTeX\tex/generic/pgfplots/util\pgfplotscolormap.code.tex
(A:\CTEX\MiKTeX\tex/generic/pgfplots/util\pgfplotscolor.code.tex))
(A:\CTEX\MiKTeX\tex/generic/pgfplots\pgfplotsstackedplots.code.tex)
(A:\CTEX\MiKTeX\tex/generic/pgfplots\pgfplotsplothandlers.code.tex
(A:\CTEX\MiKTeX\tex/generic/pgfplots\pgfplotsmeshplothandler.code.tex
(A:\CTEX\MiKTeX\tex/generic/pgfplots\pgfplotsmeshplotimage.code.tex)))
(A:\CTEX\MiKTeX\tex/generic/pgfplots\pgfplots.scaling.code.tex)
(A:\CTEX\MiKTeX\tex/generic/pgfplots\pgfplotscoordprocessing.code.tex)
(A:\CTEX\MiKTeX\tex/generic/pgfplots\pgfplots.errorbars.code.tex)
(A:\CTEX\MiKTeX\tex/generic/pgfplots\pgfplots.markers.code.tex)
(A:\CTEX\MiKTeX\tex/generic/pgfplots\pgfplotsticks.code.tex)
(A:\CTEX\MiKTeX\tex/generic/pgfplots\pgfplots.paths.code.tex)
(A:\CTEX\MiKTeX\tex/generic/pgf/frontendlayer/tikz/libraries\tikzlibrarydecorat
ions.code.tex
(A:\CTEX\MiKTeX\tex/generic/pgf/modules\pgfmoduledecorations.code.tex
\pgfdecoratedcompleteddistance=\dimen317
\pgfdecoratedremainingdistance=\dimen318
\pgfdecoratedinputsegmentcompleteddistance=\dimen319
\pgfdecoratedinputsegmentremainingdistance=\dimen320
\pgf@decorate@distancetomove=\dimen321
\pgf@decorate@repeatstate=\count353
\pgfdecorationsegmentamplitude=\dimen322
\pgfdecorationsegmentlength=\dimen323
)
\tikz@lib@dec@box=\box82
)
(A:\CTEX\MiKTeX\tex/generic/pgf/frontendlayer/tikz/libraries\tikzlibrarydecorat
ions.pathmorphing.code.tex
(A:\CTEX\MiKTeX\tex/generic/pgf/libraries/decorations\pgflibrarydecorations.pat
hmorphing.code.tex))
(A:\CTEX\MiKTeX\tex/generic/pgf/frontendlayer/tikz/libraries\tikzlibrarydecorat
ions.pathreplacing.code.tex
(A:\CTEX\MiKTeX\tex/generic/pgf/libraries/decorations\pgflibrarydecorations.pat
hreplacing.code.tex))
(A:\CTEX\MiKTeX\tex/generic/pgfplots/libs\tikzlibrarypgfplots.contourlua.code.t
ex)
\pgfplots@numplots=\count354
\pgfplots@xmin@reg=\dimen324
\pgfplots@xmax@reg=\dimen325
\pgfplots@ymin@reg=\dimen326
\pgfplots@ymax@reg=\dimen327
\pgfplots@zmin@reg=\dimen328
\pgfplots@zmax@reg=\dimen329
)
(A:\CTEX\MiKTeX\tex/generic/pgf/frontendlayer/tikz/libraries\tikzlibraryplotmar
ks.code.tex
File: tikzlibraryplotmarks.code.tex 2023-01-15 v3.1.10 (3.1.10)

(A:\CTEX\MiKTeX\tex/generic/pgf/libraries\pgflibraryplotmarks.code.tex
File: pgflibraryplotmarks.code.tex 2023-01-15 v3.1.10 (3.1.10)
)))
(mycommand.sty
Package: mycommand 2018/02/20 Package for my own commands
 (A:\CTEX\MiKTeX\tex/latex/tools\bm.sty
Package: bm 2022/01/05 v1.2f Bold Symbol Support (DPC/FMi)
Package bm Info: No bold for \OMX/cmex/m/n, using \pmb.
Package bm Info: No bold for \U/msa/m/n, using \pmb.
Package bm Info: No bold for \U/msb/m/n, using \pmb.
Package bm Info: No bold for \U/rsfs/m/n, using \pmb.
)
(A:\CTEX\MiKTeX\tex/latex/amsfonts\euscript.sty
Package: euscript 2009/06/22 v3.00 Euler Script fonts
LaTeX Font Info:    Overwriting math alphabet `\EuScript' in version `bold'
(Font)                  U/eus/m/n --> U/eus/b/n on input line 33.
)) (quiver.sty
Package: quiver 2021/01/11 quiver

(A:\CTEX\MiKTeX\tex/generic/pgf/frontendlayer/tikz/libraries\tikzlibrarycalc.co
de.tex
File: tikzlibrarycalc.code.tex 2023-01-15 v3.1.10 (3.1.10)
))
(A:\CTEX\MiKTeX\tex/generic/pgf/frontendlayer/tikz/libraries\tikzlibrarydecorat
ions.markings.code.tex
(A:\CTEX\MiKTeX\tex/generic/pgf/libraries/decorations\pgflibrarydecorations.mar
kings.code.tex))
Package thmtools Info: Key `name' (with value `定理')
(thmtools)             is not a known style key.
(thmtools)             Will pass this to every \declaretheorem
(thmtools)             that uses `style=thmsty' on input line 35.
\c@theorem=\count355
Package thmtools Info: Key `name' (with value `定义')
(thmtools)             is not a known style key.
(thmtools)             Will pass this to every \declaretheorem
(thmtools)             that uses `style=thmsty' on input line 40.
\c@definition=\count356
Package thmtools Info: Key `name' (with value `命题')
(thmtools)             is not a known style key.
(thmtools)             Will pass this to every \declaretheorem
(thmtools)             that uses `style=prosty' on input line 44.
Package thmtools Info: Key `name' (with value `引理')
(thmtools)             is not a known style key.
(thmtools)             Will pass this to every \declaretheorem
(thmtools)             that uses `style=prcpsty' on input line 48.
Package thmtools Info: Key `name' (with value `例')
(thmtools)             is not a known style key.
(thmtools)             Will pass this to every \declaretheorem
(thmtools)             that uses `style=prcpsty' on input line 52.
Package thmtools Info: Key `name' (with value `习题')
(thmtools)             is not a known style key.
(thmtools)             Will pass this to every \declaretheorem
(thmtools)             that uses `style=prcpsty' on input line 57.
\c@exercise=\count357
Package thmtools Info: Key `name' (with value `推论')
(thmtools)             is not a known style key.
(thmtools)             Will pass this to every \declaretheorem
(thmtools)             that uses `style=prcpsty' on input line 62.
Package thmtools Info: Key `name' (with value `性质')
(thmtools)             is not a known style key.
(thmtools)             Will pass this to every \declaretheorem
(thmtools)             that uses `style=prcpsty' on input line 66.
Package thmtools Info: Key `name' (with value `注')
(thmtools)             is not a known style key.
(thmtools)             Will pass this to every \declaretheorem
(thmtools)             that uses `style=prcpsty' on input line 69.
Package thmtools Info: Key `name' (with value `提示')
(thmtools)             is not a known style key.
(thmtools)             Will pass this to every \declaretheorem
(thmtools)             that uses `style=prcpsty' on input line 72.
Package thmtools Info: Key `qed' (with value `\qedsymbol ')
(thmtools)             is not a known style key.
(thmtools)             Will pass this to every \declaretheorem
(thmtools)             that uses `style=prcpsty' on input line 72.
\c@solution=\count358
 (代数拓扑引论.aux)
\openout1 = `代数拓扑引论.aux'.

LaTeX Font Info:    Checking defaults for OML/cmm/m/it on input line 181.
LaTeX Font Info:    ... okay on input line 181.
LaTeX Font Info:    Checking defaults for OMS/cmsy/m/n on input line 181.
LaTeX Font Info:    ... okay on input line 181.
LaTeX Font Info:    Checking defaults for OT1/cmr/m/n on input line 181.
LaTeX Font Info:    ... okay on input line 181.
LaTeX Font Info:    Checking defaults for T1/cmr/m/n on input line 181.
LaTeX Font Info:    ... okay on input line 181.
LaTeX Font Info:    Checking defaults for TS1/cmr/m/n on input line 181.
LaTeX Font Info:    ... okay on input line 181.
LaTeX Font Info:    Checking defaults for TU/lmr/m/n on input line 181.
LaTeX Font Info:    ... okay on input line 181.
LaTeX Font Info:    Checking defaults for OMX/cmex/m/n on input line 181.
LaTeX Font Info:    ... okay on input line 181.
LaTeX Font Info:    Checking defaults for U/cmr/m/n on input line 181.
LaTeX Font Info:    ... okay on input line 181.
LaTeX Font Info:    Checking defaults for PD1/pdf/m/n on input line 181.
LaTeX Font Info:    ... okay on input line 181.
LaTeX Font Info:    Checking defaults for PU/pdf/m/n on input line 181.
LaTeX Font Info:    ... okay on input line 181.

*geometry* driver: auto-detecting
*geometry* detected driver: xetex
*geometry* verbose mode - [ preamble ] result:
* driver: xetex
* paper: <default>
* layout: <same size as paper>
* layoutoffset:(h,v)=(0.0pt,0.0pt)
* modes: 
* h-part:(L,W,R)=(108.405pt, 397.48499pt, 108.40501pt)
* v-part:(T,H,B)=(72.26999pt, 650.43pt, 72.27pt)
* \paperwidth=614.295pt
* \paperheight=794.96999pt
* \textwidth=397.48499pt
* \textheight=650.43pt
* \oddsidemargin=36.13501pt
* \evensidemargin=36.13501pt
* \topmargin=-37.0pt
* \headheight=12.0pt
* \headsep=25.0pt
* \topskip=10.0pt
* \footskip=30.0pt
* \marginparwidth=65.0pt
* \marginparsep=11.0pt
* \columnsep=10.0pt
* \skip\footins=9.0pt plus 4.0pt minus 2.0pt
* \hoffset=0.0pt
* \voffset=0.0pt
* \mag=1000
* \@twocolumnfalse
* \@twosidefalse
* \@mparswitchfalse
* \@reversemarginfalse
* (1in=72.27pt=25.4mm, 1cm=28.453pt)

Package hyperref Info: Link coloring ON on input line 181.
(代数拓扑引论.out) (代数拓扑引论.out)
\@outlinefile=\write4
\openout4 = `代数拓扑引论.out'.


Package fontspec Info: Adjusting the maths setup (use [no-math] to avoid
(fontspec)             this).

\symlegacymaths=\mathgroup7
LaTeX Font Info:    Overwriting symbol font `legacymaths' in version `bold'
(Font)                  OT1/cmr/m/n --> OT1/cmr/bx/n on input line 181.
LaTeX Font Info:    Redeclaring math accent \acute on input line 181.
LaTeX Font Info:    Redeclaring math accent \grave on input line 181.
LaTeX Font Info:    Redeclaring math accent \ddot on input line 181.
LaTeX Font Info:    Redeclaring math accent \tilde on input line 181.
LaTeX Font Info:    Redeclaring math accent \bar on input line 181.
LaTeX Font Info:    Redeclaring math accent \breve on input line 181.
LaTeX Font Info:    Redeclaring math accent \check on input line 181.
LaTeX Font Info:    Redeclaring math accent \hat on input line 181.
LaTeX Font Info:    Redeclaring math accent \dot on input line 181.
LaTeX Font Info:    Redeclaring math accent \mathring on input line 181.
LaTeX Font Info:    Redeclaring math symbol \Gamma on input line 181.
LaTeX Font Info:    Redeclaring math symbol \Delta on input line 181.
LaTeX Font Info:    Redeclaring math symbol \Theta on input line 181.
LaTeX Font Info:    Redeclaring math symbol \Lambda on input line 181.
LaTeX Font Info:    Redeclaring math symbol \Xi on input line 181.
LaTeX Font Info:    Redeclaring math symbol \Pi on input line 181.
LaTeX Font Info:    Redeclaring math symbol \Sigma on input line 181.
LaTeX Font Info:    Redeclaring math symbol \Upsilon on input line 181.
LaTeX Font Info:    Redeclaring math symbol \Phi on input line 181.
LaTeX Font Info:    Redeclaring math symbol \Psi on input line 181.
LaTeX Font Info:    Redeclaring math symbol \Omega on input line 181.
LaTeX Font Info:    Redeclaring math symbol \mathdollar on input line 181.
LaTeX Font Info:    Redeclaring symbol font `operators' on input line 181.
LaTeX Font Info:    Encoding `OT1' has changed to `TU' for symbol font
(Font)              `operators' in the math version `normal' on input line 181.

LaTeX Font Info:    Overwriting symbol font `operators' in version `normal'
(Font)                  OT1/cmr/m/n --> TU/lmr/m/n on input line 181.
LaTeX Font Info:    Encoding `OT1' has changed to `TU' for symbol font
(Font)              `operators' in the math version `bold' on input line 181.
LaTeX Font Info:    Overwriting symbol font `operators' in version `bold'
(Font)                  OT1/cmr/bx/n --> TU/lmr/m/n on input line 181.
LaTeX Font Info:    Overwriting symbol font `operators' in version `normal'
(Font)                  TU/lmr/m/n --> TU/lmr/m/n on input line 181.
LaTeX Font Info:    Overwriting math alphabet `\mathit' in version `normal'
(Font)                  OT1/cmr/m/it --> TU/lmr/m/it on input line 181.
LaTeX Font Info:    Overwriting math alphabet `\mathbf' in version `normal'
(Font)                  OT1/cmr/bx/n --> TU/lmr/b/n on input line 181.
LaTeX Font Info:    Overwriting math alphabet `\mathsf' in version `normal'
(Font)                  OT1/cmss/m/n --> TU/lmss/m/n on input line 181.
LaTeX Font Info:    Overwriting math alphabet `\mathtt' in version `normal'
(Font)                  OT1/cmtt/m/n --> TU/lmtt/m/n on input line 181.
LaTeX Font Info:    Overwriting symbol font `operators' in version `bold'
(Font)                  TU/lmr/m/n --> TU/lmr/b/n on input line 181.
LaTeX Font Info:    Overwriting math alphabet `\mathit' in version `bold'
(Font)                  OT1/cmr/bx/it --> TU/lmr/b/it on input line 181.
LaTeX Font Info:    Overwriting math alphabet `\mathsf' in version `bold'
(Font)                  OT1/cmss/bx/n --> TU/lmss/b/n on input line 181.
LaTeX Font Info:    Overwriting math alphabet `\mathtt' in version `bold'
(Font)                  OT1/cmtt/m/n --> TU/lmtt/b/n on input line 181.


Package pgfplots Warning: running in backwards compatibility mode (unsuitable t
ick labels; missing features). Consider writing \pgfplotsset{compat=1.18} into 
your preamble.
 on input line 181.

LaTeX Font Info:    Trying to load font information for U+msa on input line 200
.
(A:\CTEX\MiKTeX\tex/latex/amsfonts\umsa.fd
File: umsa.fd 2013/01/14 v3.01 AMS symbols A
)
LaTeX Font Info:    Trying to load font information for U+msb on input line 200
.

(A:\CTEX\MiKTeX\tex/latex/amsfonts\umsb.fd
File: umsb.fd 2013/01/14 v3.01 AMS symbols B
)
LaTeX Font Info:    Trying to load font information for U+rsfs on input line 20
0.

(A:\CTEX\MiKTeX\tex/latex/jknappen\ursfs.fd
File: ursfs.fd 1998/03/24 rsfs font definition file (jk)
) [1

] (代数拓扑引论.toc

LaTeX Font Warning: Font shape `U/rsfs/m/n' in size <10.53937> not available
(Font)              size <10.95> substituted on input line 2.

[2])
\tf@toc=\write5
\openout5 = `代数拓扑引论.toc'.

 [1]
Package hyperref Info: bookmark level for unknown definition defaults to 0 on i
nput line 225.


LaTeX Font Warning: Font shape `TU/SimSun(0)/m/sc' undefined
(Font)              using `TU/SimSun(0)/m/n' instead on input line 242.


Package hyperref Warning: Token not allowed in a PDF string (Unicode):
(hyperref)                removing `\@ifnextchar' on input line 254.

[1]
Package hyperref Info: bookmark level for unknown lemma defaults to 0 on input 
line 302.
 [2]
Package hyperref Info: bookmark level for unknown example defaults to 0 on inpu
t line 307.


Package amsfonts Warning: Obsolete command \bold; \mathbf should be used instea
d on input line 307.


Underfull \hbox (badness 10000) in paragraph at lines 337--340

 []

[3] [4]

Package hyperref Warning: Token not allowed in a PDF string (Unicode):
(hyperref)                removing `\@ifnextchar' on input line 369.

[5] [6]
Overfull \hbox (42.43909pt too wide) in paragraph at lines 469--473
\TU/SimSun(0)/m/n/10.53937 的 顶 点 $\OML/cmm/m/it/10.53937 a[]$ \TU/SimSun(0)/m/n
/10.53937 的 重 心 坐 标 中 第 $\OML/cmm/m/it/10.53937 i \OT1/cmr/m/n/10.53937 + 1$ \T
U/SimSun(0)/m/n/10.53937 个 分 量 为 $\OT1/cmr/m/n/10.53937 1$\TU/lmr/m/n/10.53937 
, \TU/SimSun(0)/m/n/10.53937 其 余 全 为 $\OT1/cmr/m/n/10.53937 0$\TU/lmr/m/n/10.53
937 . \TU/SimSun(0)/m/n/10.53937 重 心 坐 标 都 相 同 的 点 $\OML/cmm/m/it/10.53937 b\OT
1/cmr/m/n/10.53937 ([]\OML/cmm/m/it/10.53937 ; []; []  ; []\OT1/cmr/m/n/10.5393
7 )$
 []


Overfull \hbox (8.07611pt too wide) in paragraph at lines 469--473
\TU/SimSun(0)/m/n/10.53937 叫 做 单 纯 形 $\OT1/cmr/m/n/10.53937 [\OML/cmm/m/it/10.5
3937 a[]; []  ; a[]\OT1/cmr/m/n/10.53937 ]$ \TU/SimSun(0)/m/n/10.53937 的 重 心\TU
/lmr/m/n/10.53937 . \TU/SimSun(0)/m/n/10.53937 单 纯 形 $\OT1/cmr/m/n/10.53937 [\O
ML/cmm/m/it/10.53937 a[]; []  ; a[]\OT1/cmr/m/n/10.53937 ]$ \TU/SimSun(0)/m/n/1
0.53937 上 的 点 可 以 使 用 重 心 坐 标 $\OT1/cmr/m/n/10.53937 (\OML/cmm/m/it/10.53937 ^^
U[]; []  ; ^^U[]\OT1/cmr/m/n/10.53937 )$
 []


Overfull \hbox (15.07764pt too wide) in paragraph at lines 469--473
\TU/lmr/m/n/10.53937 d \TU/SimSun(0)/m/n/10.53937 单 纯 形 由 其 顶 点 决 定\TU/lmr/m/n/
10.53937 , \TU/SimSun(0)/m/n/10.53937 如 果 $\OMS/cmsy/m/n/10.53937 f\OML/cmm/m/i
t/10.53937 a[]; a[]; []  ; a[]\OMS/cmsy/m/n/10.53937 g$ \TU/SimSun(0)/m/n/10.53
937 是 $\OMS/cmsy/m/n/10.53937 f\OML/cmm/m/it/10.53937 a[]; a[]; []  ; a[]\OMS/c
msy/m/n/10.53937 g$ \TU/SimSun(0)/m/n/10.53937 的 子 集\TU/lmr/m/n/10.53937 ,$\OMS
/cmsy/m/n/10.53937 f\OML/cmm/m/it/10.53937 a[]; a[]; []  ; a[]\OMS/cmsy/m/n/10.
53937 g$
 []


Underfull \hbox (badness 10000) in paragraph at lines 486--487

 []


Overfull \hbox (58.14001pt too wide) detected at line 581
[]
 []

[7]
Package hyperref Info: bookmark level for unknown property defaults to 0 on inp
ut line 609.
 [8]
Underfull \hbox (badness 10000) in paragraph at lines 739--741

 []

[9]
Overfull \hbox (3.25061pt too wide) detected at line 989
[]
 []

[10] [11] [12] [13]

LaTeX Warning: Reference `Exa:2.2.1' on page 14 undefined on input line 1294.

[14]
Package hyperref Info: bookmark level for unknown proposition defaults to 0 on 
input line 1338.
 [15] [16]

LaTeX Warning: Reference `Def:2.2.3' on page 17 undefined on input line 1531.

[17] [18] [19] [20] [21] [22] [23] [24] [25]
Package hyperref Info: bookmark level for unknown corollary defaults to 0 on in
put line 2211.
Package hyperref Info: bookmark level for unknown exercise defaults to 0 on inp
ut line 2220.
Package hyperref Info: bookmark level for unknown solution defaults to 0 on inp
ut line 2223.
 [26] [27] [28] [29] [30] [31]

LaTeX Warning: Reference `Pro:2.2.2' on page 32 undefined on input line 2620.

[32] [33] [34]
Overfull \hbox (6.65018pt too wide) in paragraph at lines 2919--2920
[][]\TU/SimSun(0)/b/n/10.53937 定 义 \TU/lmr/bx/n/10.53937 2.3.2. []\TU/SimSun(0)
/m/n/10.53937 以 $\OML/cmm/m/it/10.53937 x[]$ \TU/SimSun(0)/m/n/10.53937 为 起 终 点
 的 闭 路 关 于 道 路 同 伦 的 所 有 等 价 类 集 $\OT1/cmr/m/n/10.53937 
\OML/cmm/m/it/10.53937 X\OT1/cmr/m/n/10.53937 / \OMS/cmsy/m/n/10.53937 '[]$ \TU
/SimSun(0)/m/n/10.53937 记 为 $\OML/cmm/m/it/10.53937 ^^Y[]\OT1/cmr/m/n/10.53937 
(\OML/cmm/m/it/10.53937 X; x[]\OT1/cmr/m/n/10.53937 )$\TU/lmr/m/n/10.53937 ,
 []

[35]
Package hyperref Info: bookmark level for unknown theorem defaults to 0 on inpu
t line 3047.
 [36] [37]
Overfull \hbox (13.14073pt too wide) in paragraph at lines 3205--3206
[]\TU/SimSun(0)/m/n/10.53937 对 任 意 的 $\OT1/cmr/m/n/10.53937 [\OML/cmm/m/it/10.5
3937 ^^[\OT1/cmr/m/n/10.53937 ]\OML/cmm/m/it/10.53937 ; \OT1/cmr/m/n/10.53937 [
\OML/cmm/m/it/10.53937 ^^\\OT1/cmr/m/n/10.53937 ] \OMS/cmsy/m/n/10.53937 2 \OML
/cmm/m/it/10.53937 ^^Y[]\OT1/cmr/m/n/10.53937 (\OML/cmm/m/it/10.53937 X; x[]\OT
1/cmr/m/n/10.53937 )$\TU/lmr/m/n/10.53937 . \TU/SimSun(0)/m/n/10.53937 若 $\OML/
cmm/m/it/10.53937 f[]$ \TU/SimSun(0)/m/n/10.53937 为 一 个 群 同 态\TU/lmr/m/n/10.539
37 , \TU/SimSun(0)/m/n/10.53937 则 有 $\OML/cmm/m/it/10.53937 f[]\OT1/cmr/m/n/10.
53937 ([\OML/cmm/m/it/10.53937 ^^[\OT1/cmr/m/n/10.53937 ][\OML/cmm/m/it/10.5393
7 ^^\\OT1/cmr/m/n/10.53937 ]) = \OML/cmm/m/it/10.53937 f[]\OT1/cmr/m/n/10.53937
 ([\OML/cmm/m/it/10.53937 ^^[\OT1/cmr/m/n/10.53937 ])\OML/cmm/m/it/10.53937 f[]
\OT1/cmr/m/n/10.53937 ([\OML/cmm/m/it/10.53937 ^^\\OT1/cmr/m/n/10.53937 ]) =
 []


Underfull \hbox (badness 10000) in paragraph at lines 3205--3206

 []

[38]
Underfull \hbox (badness 10000) in paragraph at lines 3261--3262

 []

[39] [40]
Overfull \hbox (18.85141pt too wide) in paragraph at lines 3428--3430
[]\TU/SimSun(0)/m/n/10.53937 对 $\OT1/cmr/m/n/10.53937 [\OML/cmm/m/it/10.53937 ^
^[\OT1/cmr/m/n/10.53937 ]\OML/cmm/m/it/10.53937 ; \OT1/cmr/m/n/10.53937 [\OML/c
mm/m/it/10.53937 ^^\\OT1/cmr/m/n/10.53937 ] \OMS/cmsy/m/n/10.53937 2 \OML/cmm/m
/it/10.53937 ^^Y[]\OT1/cmr/m/n/10.53937 (\OML/cmm/m/it/10.53937 Y; y[]\OT1/cmr/
m/n/10.53937 )$\TU/lmr/m/n/10.53937 , \TU/SimSun(0)/m/n/10.53937 有 $\OML/cmm/m/
it/10.53937 ^^M[]\OT1/cmr/m/n/10.53937 ([\OML/cmm/m/it/10.53937 ^^[\OT1/cmr/m/n
/10.53937 ][\OML/cmm/m/it/10.53937 ^^\\OT1/cmr/m/n/10.53937 ]) = [\OML/cmm/m/it
/10.53937 ^^M[]^^[^^\^^M\OT1/cmr/m/n/10.53937 ]$ \TU/SimSun(0)/m/n/10.53937 需 要
 证 明 $\OT1/cmr/m/n/10.53937 [\OML/cmm/m/it/10.53937 ^^M[]^^[^^\^^M\OT1/cmr/m/n/
10.53937 ] = [\OML/cmm/m/it/10.53937 ^^M[]^^[^^M\OT1/cmr/m/n/10.53937 ][\OML/cm
m/m/it/10.53937 ^^M[]^^\^^M\OT1/cmr/m/n/10.53937 ]$\TU/lmr/m/n/10.53937 .
 []


Underfull \hbox (badness 10000) in paragraph at lines 3439--3441

 []

[41]
Overfull \hbox (40.74751pt too wide) detected at line 3541
[]
 []

[42] [43]
Overfull \hbox (9.76501pt too wide) detected at line 3659
[]
 []


Overfull \hbox (22.51501pt too wide) detected at line 3735
[]
 []

[44] [45]

Package hyperref Warning: Token not allowed in a PDF string (Unicode):
(hyperref)                removing `\@ifnextchar' on input line 3743.


Overfull \hbox (12.95377pt too wide) detected at line 3755
[]
 []


Overfull \hbox (17.72577pt too wide) detected at line 3802
[]
 []

[46]
Overfull \hbox (17.72577pt too wide) detected at line 3854
[]
 []


Overfull \hbox (17.72577pt too wide) detected at line 3891
[]
 []

[47]
Package hyperref Info: bookmark level for unknown remark defaults to 0 on input
 line 3902.
 [48]
Overfull \hbox (17.72577pt too wide) detected at line 4006
[]
 []

[49] [50]
Overfull \hbox (4.07837pt too wide) in paragraph at lines 4121--4123
[]\TU/SimSun(0)/m/n/10.53937 首 先 介 绍 单 形 的 边 缘 算 子\TU/lmr/m/n/10.53937 . \TU/Si
mSun(0)/m/n/10.53937 设 $\OML/cmm/m/it/10.53937 e[]e[] [] e[] [] e[]$ \TU/SimSun
(0)/m/n/10.53937 是 一 个 $\OML/cmm/m/it/10.53937 q$ \TU/SimSun(0)/m/n/10.53937 维 
定 向 单 形\TU/lmr/m/n/10.53937 ,$\OML/cmm/m/it/10.53937 e[]e[] [] [] [] e[] \OT1/c
mr/m/n/10.53937 =
 []

[51]
Overfull \hbox (3.24217pt too wide) in paragraph at lines 4305--4306
[]\TU/SimSun(0)/m/n/10.53937 接 下 来\TU/lmr/m/n/10.53937 , \TU/SimSun(0)/m/n/10.5
3937 对 于 奇 异 单 形 的 边 缘 作 线 性 扩 张\TU/lmr/m/n/10.53937 , \TU/SimSun(0)/m/n/10.539
37 得 到 一 个|   []$\OML/cmm/m/it/10.53937 @[] \OT1/cmr/m/n/10.53937 : \OML/cmm/m/
it/10.53937 S[]\OT1/cmr/m/n/10.53937 (\OML/cmm/m/it/10.53937 X\OT1/cmr/m/n/10.5
3937 ) \OMS/cmsy/m/n/10.53937 ! \OML/cmm/m/it/10.53937 S[]\OT1/cmr/m/n/10.53937
 (\OML/cmm/m/it/10.53937 X\OT1/cmr/m/n/10.53937 )$\TU/lmr/m/n/10.53937 , 
 []

[52]

LaTeX Font Warning: Font shape `U/rsfs/m/n' in size <18.06749> not available
(Font)              size <17.28> substituted on input line 4571.


LaTeX Font Warning: Font shape `U/rsfs/m/n' in size <15.05624> not available
(Font)              size <14.4> substituted on input line 4571.


Overfull \hbox (38.7254pt too wide) in paragraph at lines 4574--4575
 [][] 
 []

[53] [54]

Package hyperref Warning: Token not allowed in a PDF string (Unicode):
(hyperref)                removing `math shift' on input line 4593.


Package hyperref Warning: Token not allowed in a PDF string (Unicode):
(hyperref)                removing `superscript' on input line 4593.


Package hyperref Warning: Token not allowed in a PDF string (Unicode):
(hyperref)                removing `math shift' on input line 4593.

[55] [56]
Underfull \hbox (badness 10000) in paragraph at lines 4860--4862

 []

[57]

Package hyperref Warning: Token not allowed in a PDF string (Unicode):
(hyperref)                removing `math shift' on input line 4905.


Package hyperref Warning: Token not allowed in a PDF string (Unicode):
(hyperref)                removing `\Rightarrow' on input line 4905.


Package hyperref Warning: Token not allowed in a PDF string (Unicode):
(hyperref)                removing `math shift' on input line 4905.


Overfull \hbox (17.79501pt too wide) detected at line 4939
[]
 []


Overfull \hbox (23.02591pt too wide) detected at line 4972
[]
 []

[58]

LaTeX Font Warning: Command \large invalid in math mode on input line 5017.


Overfull \hbox (21.38pt too wide) detected at line 5017
[]
 []

[59]
Overfull \hbox (85.86086pt too wide) detected at line 5081
[]
 []


Overfull \hbox (60.5816pt too wide) in alignment at lines 5087--5092
 [][][] []
 []

[60]
Overfull \hbox (106.74677pt too wide) detected at line 5177
[]
 []

[61]

Package hyperref Warning: Token not allowed in a PDF string (Unicode):
(hyperref)                removing `\@ifnextchar' on input line 5207.

LaTeX Font Info:    Trying to load font information for U+euf on input line 521
0.
(A:\CTEX\MiKTeX\tex/latex/amsfonts\ueuf.fd
File: ueuf.fd 2013/01/14 v3.01 Euler Fraktur
) [62]
Overfull \hbox (27.23459pt too wide) detected at line 5255
[]
 []

[63]
Overfull \hbox (39.90631pt too wide) detected at line 5318
[]
 []

[64]
Overfull \hbox (19.50656pt too wide) detected at line 5414
[]
 []

[65] [66]
Overfull \hbox (25.27621pt too wide) in paragraph at lines 5475--5476
[][]\TU/SimSun(0)/b/n/10.53937 定 理 \TU/lmr/bx/n/10.53937 3.5.1. []\TU/lmr/m/n/1
0.53937 (Acyclic model theorem Ia) If $\OML/cmm/m/it/10.53937 K[]$ \TU/lmr/m/n/
10.53937 is $\OMS/cmsy/m/n/10.53937 U$\TU/lmr/m/n/10.53937 -expressible and $\O
ML/cmm/m/it/10.53937 K[]\OT1/cmr/m/n/10.53937 (\OML/cmm/m/it/10.53937 M\OT1/cmr
/m/n/10.53937 ) [] \OML/cmm/m/it/10.53937 K[]\OT1/cmr/m/n/10.53937 (\OML/cmm/m/
it/10.53937 M\OT1/cmr/m/n/10.53937 ) []
 []

[67]
Overfull \hbox (35.44685pt too wide) in paragraph at lines 5506--5512
\TU/lmr/m/n/10.53937 Since $\OML/cmm/m/it/10.53937 @[]\OT1/cmr/m/n/10.53937 (\O
ML/cmm/m/it/10.53937 M\OT1/cmr/m/n/10.53937 )\OML/cmm/m/it/10.53937 f[]\OT1/cmr
/m/n/10.53937 (\OML/cmm/m/it/10.53937 M\OT1/cmr/m/n/10.53937 ) = \OML/cmm/m/it/
10.53937 f[]\OT1/cmr/m/n/10.53937 (\OML/cmm/m/it/10.53937 M\OT1/cmr/m/n/10.5393
7 )\OML/cmm/m/it/10.53937 @[]\OT1/cmr/m/n/10.53937 (\OML/cmm/m/it/10.53937 M\OT
1/cmr/m/n/10.53937 )$\TU/lmr/m/n/10.53937 , $\OML/cmm/m/it/10.53937 @[]\OT1/cmr
/m/n/10.53937 (\OML/cmm/m/it/10.53937 M\OT1/cmr/m/n/10.53937 )\OML/cmm/m/it/10.
53937 f[]\OT1/cmr/m/n/10.53937 (\OML/cmm/m/it/10.53937 M\OT1/cmr/m/n/10.53937 )
\OML/cmm/m/it/10.53937 @[]u \OT1/cmr/m/n/10.53937 = \OML/cmm/m/it/10.53937 f[]\
OT1/cmr/m/n/10.53937 (\OML/cmm/m/it/10.53937 M\OT1/cmr/m/n/10.53937 )\OML/cmm/m
/it/10.53937 @[]\OT1/cmr/m/n/10.53937 (\OML/cmm/m/it/10.53937 M\OT1/cmr/m/n/10.
53937 )\OML/cmm/m/it/10.53937 @[]u \OT1/cmr/m/n/10.53937 =
 []


Overfull \hbox (34.78738pt too wide) detected at line 5564
[]
 []

[68]
Overfull \hbox (56.90393pt too wide) detected at line 5600
[]
 []

[69]

LaTeX Font Warning: Command \large invalid in math mode on input line 5657.

[70] [71]
Overfull \hbox (13.23209pt too wide) detected at line 5825
[]
 []

[72] [73] [74]
Overfull \hbox (10.71182pt too wide) in paragraph at lines 5991--5993
\TU/SimSun(0)/m/n/10.53937 由 于 $\OT1/cmr/m/n/10.53937 ^^A[]$ \TU/SimSun(0)/m/n/
10.53937 是 一 个 星 型 集\TU/lmr/m/n/10.53937 , \TU/SimSun(0)/m/n/10.53937 因 此 最 上 层
 与 最 下 层 均 为 正 合 的\TU/lmr/m/n/10.53937 , \TU/SimSun(0)/m/n/10.53937 即 $[]\OT1/c
mr/m/n/10.53937 (\OML/cmm/m/it/10.53937 @[]\OT1/cmr/m/n/10.53937 (^^A[])) = [](
\OML/cmm/m/it/10.53937 @[]\OT1/cmr/m/n/10.53937 (^^A[]))$\TU/lmr/m/n/10.53937 .

 []


Overfull \hbox (55.74315pt too wide) in paragraph at lines 6033--6036
\TU/lmr/m/n/10.53937 ($\OT1/cmr/m/n/10.53937 2[]$\TU/lmr/m/n/10.53937 ) \TU/Sim
Sun(0)/m/n/10.53937 对 于 $\OML/cmm/m/it/10.53937 q \OT1/cmr/m/n/10.53937 = \OML/
cmm/m/it/10.53937 k$ \TU/SimSun(0)/m/n/10.53937 时\TU/lmr/m/n/10.53937 , \TU/Sim
Sun(0)/m/n/10.53937 考 虑 $\OML/cmm/m/it/10.53937 c \OT1/cmr/m/n/10.53937 = (\OML
/cmm/m/it/10.53937 x[]; []  ; x[]\OT1/cmr/m/n/10.53937 )$\TU/lmr/m/n/10.53937 ,
 \TU/SimSun(0)/m/n/10.53937 令 $\OML/cmm/m/it/10.53937 b \OT1/cmr/m/n/10.53937 =
 []$\TU/lmr/m/n/10.53937 , \TU/SimSun(0)/m/n/10.53937 由 于 $\OMS/cmsy/m/n/10.539
37 k\OML/cmm/m/it/10.53937 b \OMS/cmsy/m/n/10.53937 ^^@ \OML/cmm/m/it/10.53937 
x[]\OMS/cmsy/m/n/10.53937 k \OT1/cmr/m/n/10.53937 = \OMS/cmsy/m/n/10.53937 k[]k
 ^^T
 []

[75]
Overfull \hbox (8.49738pt too wide) in paragraph at lines 6080--6083
\TU/SimSun(0)/m/n/10.53937 一 个 很 天 真 \TU/lmr/m/n/10.53937 (\TU/SimSun(0)/m/n/10
.53937 也 很 自 然\TU/lmr/m/n/10.53937 ) \TU/SimSun(0)/m/n/10.53937 的 想 法 是 将 $[]\O
ML/cmm/m/it/10.53937 ^^\[]$\TU/lmr/m/n/10.53937 (\TU/SimSun(0)/m/n/10.53937 并 不
 是 真 正 的 $\OML/cmm/m/it/10.53937 ^^\$\TU/lmr/m/n/10.53937 ) \TU/SimSun(0)/m/n/1
0.53937 定 义 为 $[]\OML/cmm/m/it/10.53937 ^^\[]^^[ \OT1/cmr/m/n/10.53937 := [][](
\OML/cmm/m/it/10.53937 X\OT1/cmr/m/n/10.53937 )[]\OML/cmm/m/it/10.53937 ^^[$\TU
/lmr/m/n/10.53937 (\TU/SimSun(0)/m/n/10.53937 将
 []

[76]
Overfull \hbox (70.49808pt too wide) detected at line 6119
[]
 []


Overfull \hbox (54.61192pt too wide) in alignment at lines 6140--6143
 [][][] []
 []

[77]
Overfull \hbox (57.5325pt too wide) detected at line 6179
\OML/cmm/m/it/10.53937 h[]\OT1/cmr/m/n/10.53937 (\OML/cmm/m/it/10.53937 X\OT1/c
mr/m/n/10.53937 )([][](\OML/cmm/m/it/10.53937 X\OT1/cmr/m/n/10.53937 )[] + [] +
 [][](\OML/cmm/m/it/10.53937 X\OT1/cmr/m/n/10.53937 )[]) = \OML/cmm/m/it/10.539
37 h[]\OT1/cmr/m/n/10.53937 (\OML/cmm/m/it/10.53937 X\OT1/cmr/m/n/10.53937 )([]
[](\OML/cmm/m/it/10.53937 X\OT1/cmr/m/n/10.53937 )[] + [] + [][](\OML/cmm/m/it/
10.53937 X\OT1/cmr/m/n/10.53937 )[])
 []


Overfull \hbox (24.57556pt too wide) detected at line 6192
[]
 []

[78]
Overfull \hbox (61.75743pt too wide) detected at line 6202
[]
 []

[79]
Overfull \hbox (37.18967pt too wide) detected at line 6311
[]
 []

[80]
Overfull \hbox (17.31189pt too wide) detected at line 6378
[]
 []

[81]
Overfull \hbox (37.95334pt too wide) detected at line 6411
[]
 []

[82]
Overfull \hbox (36.29126pt too wide) detected at line 6471
[]
 []

[83] [84]
Overfull \hbox (75.51431pt too wide) detected at line 6583
[]
 []


Overfull \hbox (61.01013pt too wide) detected at line 6608
[]
 []


Overfull \hbox (55.47845pt too wide) in paragraph at lines 6610--6611
\OML/cmm/m/it/10.53937 S\OT1/cmr/m/n/10.53937 (\OML/cmm/m/it/10.53937 X[] \OMS/
cmsy/m/n/10.53937 [ \OML/cmm/m/it/10.53937 X[]\OT1/cmr/m/n/10.53937 )$ \TU/SimS
un(0)/m/n/10.53937 是 一 个 链 同 伦 等 价\TU/lmr/m/n/10.53937 , \TU/SimSun(0)/m/n/10.5
3937 我 们 说 这 个 两 个 子 空 间 构 成 了 一 个|   []$\OMS/cmsy/m/n/10.53937 f\OML/cmm/m/it/
10.53937 X[]; X[]\OMS/cmsy/m/n/10.53937 g$\TU/lmr/m/n/10.53937 (from
 []


Overfull \hbox (50.00635pt too wide) detected at line 6643
[]
 []

[85] [86]
Overfull \hbox (75.03113pt too wide) detected at line 6788
[]
 []

[87] [88] (代数拓扑引论.bbl) [89] (代数拓扑引论.aux)
 ***********
LaTeX2e <2023-06-01> patch level 1
L3 programming layer <2022/07/14>
 ***********


LaTeX Font Warning: Size substitutions with differences
(Font)              up to 0.78749pt have occurred.


LaTeX Font Warning: Some font shapes were not available, defaults substituted.


LaTeX Warning: There were undefined references.

Package rerunfilecheck Info: File `代数拓扑引论.out' has not changed.
(rerunfilecheck)             Checksum: 645A406336D624686514368C1C7F54D8;6406.
 ) 
Here is how much of TeX's memory you used:
 51913 strings out of 410379
 1270713 string characters out of 5794140
 2398879 words of memory out of 5000000
 72562 multiletter control sequences out of 15000+600000
 575533 words of font info for 145 fonts, out of 8000000 for 9000
 1348 hyphenation exceptions out of 8191
 93i,26n,102p,1011b,6387s stack positions out of 10000i,1000n,20000p,200000b,200000s

Output written on 代数拓扑引论.pdf (92 pages).
