\BOOKMARK [2][-]{subsection.0.1}{\376\377\124\014\200\332\151\202\137\365\126\336\230\176}{}% 1
\BOOKMARK [2][-]{subsection.0.2}{\376\377\217\336\220\032\116\016\220\123\215\357\217\336\220\032}{}% 2
\BOOKMARK [2][-]{subsection.0.3}{\376\377\203\003\165\164\000,\121\375\133\120\116\016\201\352\161\066\123\330\143\142\000\050\202\361\145\207\162\110\000\051\000s\000p\000a\000n\000i\000e\000r\0001\0009\0008\0009\000a\000l\000g\000e\000b\000r\000a\000i\000c}{}% 3
\BOOKMARK [3][-]{subsubsection.0.3.1}{\376\377\000C\000a\000t\000e\000g\000o\000r\000i\000e\000s}{subsection.0.3}% 4
\BOOKMARK [2][-]{subsection.0.4}{\376\377\123\125\176\257\137\142\116\016\123\125\176\257\131\015\137\142\124\150\136\372\117\037\0002\0000\0000\0007\116\343\145\160\142\323\142\121\213\262\116\111}{}% 5
\BOOKMARK [3][-]{subsubsection.0.4.1}{\376\377\123\125\176\257\131\015\137\142}{subsection.0.4}% 6
\BOOKMARK [3][-]{subsubsection.0.4.2}{\376\377\123\125\176\257\131\015\137\142\166\204\117\213\133\120}{subsection.0.4}% 7
\BOOKMARK [3][-]{subsubsection.0.4.3}{\376\377\123\125\137\142\166\204\133\232\124\021}{subsection.0.4}% 8
\BOOKMARK [1][-]{section.1}{\376\377\124\014\117\046}{}% 9
\BOOKMARK [2][-]{subsection.1.1}{\376\377\230\204\131\007\167\345\213\306}{section.1}% 10
\BOOKMARK [2][-]{subsection.1.2}{\376\377\124\014\117\046\116\016\142\323\142\121\172\172\225\364\166\204\124\014\117\046\127\213}{section.1}% 11
\BOOKMARK [3][-]{subsubsection.1.2.1}{\376\377\127\372\147\054\151\202\137\365}{subsection.1.2}% 12
\BOOKMARK [3][-]{subsubsection.1.2.2}{\376\377\172\172\225\364\124\014\117\046}{subsection.1.2}% 13
\BOOKMARK [3][-]{subsubsection.1.2.3}{\376\377\172\172\225\364\120\166\116\345\123\312\172\172\225\364\120\166\116\113\225\364\166\204\146\040\134\004}{subsection.1.2}% 14
\BOOKMARK [3][-]{subsubsection.1.2.4}{\376\377\145\066\177\051\150\070}{subsection.1.2}% 15
\BOOKMARK [2][-]{subsection.1.3}{\376\377\136\070\211\301\166\204\142\323\142\121\172\172\225\364}{section.1}% 16
\BOOKMARK [3][-]{subsubsection.1.3.1}{\376\377\125\106\172\172\225\364}{subsection.1.3}% 17
\BOOKMARK [3][-]{subsubsection.1.3.2}{\376\377\174\230\143\245}{subsection.1.3}% 18
\BOOKMARK [2][-]{subsection.1.4}{\376\377\225\045\117\123\166\204\140\047\215\050}{section.1}% 19
\BOOKMARK [2][-]{subsection.1.5}{\376\377\116\140\230\230}{section.1}% 20
\BOOKMARK [1][-]{section.2}{\376\377\127\372\147\054\177\244}{}% 21
\BOOKMARK [2][-]{subsection.2.1}{\376\377\137\025\117\213}{section.2}% 22
\BOOKMARK [2][-]{subsection.2.2}{\376\377\220\123\215\357\124\014\117\046}{section.2}% 23
\BOOKMARK [2][-]{subsection.2.3}{\376\377\220\123\215\357\166\204\124\010\142\020\000\050\220\123\215\357\116\130\171\357\000\051\116\016\127\372\147\054\177\244\133\232\116\111}{section.2}% 24
\BOOKMARK [2][-]{subsection.2.4}{\376\377\127\372\147\054\177\244\166\204\140\047\215\050}{section.2}% 25
\BOOKMARK [3][-]{subsubsection.2.4.1}{\376\377\127\372\147\054\177\244\146\057\124\014\200\332\116\015\123\330\221\317}{subsection.2.4}% 26
\BOOKMARK [3][-]{subsubsection.2.4.2}{\376\377\127\372\147\054\177\244\146\057\124\014\117\046\116\015\123\330\221\317}{subsection.2.4}% 27
\BOOKMARK [3][-]{subsubsection.2.4.3}{\376\377\123\125\217\336\220\032\172\172\225\364}{subsection.2.4}% 28
\BOOKMARK [3][-]{subsubsection.2.4.4}{\376\377\232\330\176\364\124\014\117\046\177\244}{subsection.2.4}% 29
\BOOKMARK [1][-]{section.3}{\376\377\131\107\137\002\124\014\214\003\177\244}{}% 30
\BOOKMARK [2][-]{subsection.3.1}{\376\377\224\376\131\015\137\142\116\016\224\376\146\040\134\004\131\334\117\057\232\171\0002\0000\0000\0006\124\014\214\003\213\272}{section.3}% 31
\BOOKMARK [3][-]{subsubsection.3.1.1}{\376\377\224\376\131\015\137\142\123\312\121\166\124\014\214\003\177\244}{subsection.3.1}% 32
\BOOKMARK [3][-]{subsubsection.3.1.2}{\376\377\224\376\146\040\134\004\123\312\121\166\213\361\133\374\124\014\140\001}{subsection.3.1}% 33
\BOOKMARK [3][-]{subsubsection.3.1.3}{\376\377\224\376\124\014\117\046}{subsection.3.1}% 34
\BOOKMARK [2][-]{subsection.3.2}{\376\377\131\107\137\002\124\014\214\003\177\244}{section.3}% 35
\BOOKMARK [3][-]{subsubsection.3.2.1}{\376\377\131\107\137\002\123\125\137\142}{subsection.3.2}% 36
\BOOKMARK [3][-]{subsubsection.3.2.2}{\376\377\131\107\137\002\123\125\137\142\166\204\217\271\177\030\173\227\133\120}{subsection.3.2}% 37
\BOOKMARK [3][-]{subsubsection.3.2.3}{\376\377\131\107\137\002\224\376\131\015\137\142\116\016\131\107\137\002\124\014\214\003\177\244}{subsection.3.2}% 38
\BOOKMARK [2][-]{subsection.3.3}{\376\377\000T\000h\000e\000\040\000s\000i\000g\000u\000l\000a\000r\000\040\000h\000o\000m\000o\000l\000o\000g\000y\000\040\000o\000f\000\040\000a\000\040\000s\000t\000a\000r\000-\000s\000h\000a\000p\000e\000d\000\040\000s\000e\000t\000\040\000i\000n\000\040\000R\000n}{section.3}% 39
\BOOKMARK [2][-]{subsection.3.4}{\376\377\000\040\000C\000h\000a\000i\000n\000\040\000H\000o\000m\000o\000t\000o\000p\000y\000\040\000v\000s\000.\000\040\000H\000o\000m\000o\000t\000o\000p\000y\000\050\000e\000x\000t\000r\000a\000\051}{section.3}% 40
\BOOKMARK [3][-]{subsubsection.3.4.1}{\376\377\000\050\000H\000o\000m\000o\000t\000o\000p\000y\000\040\000\040\000C\000h\000a\000i\000n\000\040\000H\000o\000m\000o\000t\000o\000p\000y\000\051}{subsection.3.4}% 41
\BOOKMARK [3][-]{subsubsection.3.4.2}{\376\377\000A\000c\000y\000c\000l\000i\000c\000\040\000m\000o\000d\000e\000l\000\040\000t\000h\000e\000o\000r\000e\000m\000e\000i\000l\000e\000n\000b\000e\000r\000g\0001\0009\0005\0003\000a\000c\000y\000c\000l\000i\000c}{subsection.3.4}% 42
\BOOKMARK [2][-]{subsection.3.5}{\376\377\000A\000c\000y\000c\000l\000i\000c\000\040\000m\000o\000d\000e\000l\000\040\000t\000h\000e\000o\000r\000e\000m}{section.3}% 43
\BOOKMARK [3][-]{subsubsection.3.5.1}{\376\377\000P\000r\000o\000b\000l\000e\000m\000s}{subsection.3.5}% 44
\BOOKMARK [3][-]{subsubsection.3.5.2}{\376\377\000T\000h\000e\000o\000r\000e\000m}{subsection.3.5}% 45
\BOOKMARK [2][-]{subsection.3.6}{\376\377\000S\000u\000b\000d\000i\000v\000i\000s\000i\000o\000n}{section.3}% 46
\BOOKMARK [2][-]{subsection.3.7}{\376\377\000H\000o\000m\000o\000l\000o\000g\000y\000\040\000E\000x\000a\000c\000t\000\040\000S\000e\000q\000u\000e\000n\000c\000e\000s}{section.3}% 47
\BOOKMARK [2][-]{subsection.3.8}{\376\377\000M\000a\000y\000e\000r\000-\000V\000i\000e\000t\000o\000r\000i\000s\000\040\000S\000e\000q\000u\000e\000n\000c\000e\000s}{section.3}% 48
